<?xml version="1.0" encoding="UTF-8"?>
<!-- Generated by org.testng.reporters.JUnitXMLReporter -->
<testsuite ignored="0" hostname="tekovio" failures="0" tests="4" name="Test" time="39.356" errors="0" timestamp="2024-08-02T12:24:26 PDT">
  <testcase classname="Scenario.WindowSwitching" name="switchWin" time="18.875"/>
  <testcase classname="Scenario.RadiCheckBox" name="ChekRadAndChkBox" time="12.55"/>
  <testcase classname="Scenario.HandlingDynData" name="dynData" time="3.696"/>
  <testcase classname="Scenario.MouseHover" name="dragAndDrop" time="4.2"/>
</testsuite> <!-- Test -->
